<?xml version="1.0" encoding="UTF-8"?>
<!-- Generated by org.testng.reporters.JUnitXMLReporter -->
<testsuite ignored="0" hostname="InderjotHP" failures="1" tests="1" name="Test" time="32.934" errors="0" timestamp="2024-08-17T02:42:45 IST">
  <testcase classname="com.mavenstore.testcases.TC_VerifyUserLoginDataDriven" name="verifyUserLogin" time="17.339">
    <failure type="java.lang.NullPointerException" message="Cannot invoke &amp;quot;java.lang.Throwable.toString()&amp;quot; because the return value of &amp;quot;org.testng.ITestResult.getThrowable()&amp;quot; is null">
      <![CDATA[java.lang.NullPointerException: Cannot invoke "java.lang.Throwable.toString()" because the return value of "org.testng.ITestResult.getThrowable()" is null
at com.mavenstore.utilities.ExtentListenerClass.onTestSuccess(ExtentListenerClass.java:69)
at java.base/java.util.ArrayList.forEach(ArrayList.java:1596)
... Removed 24 stack frames]]>
    </failure>
  </testcase> <!-- verifyUserLogin -->
</testsuite> <!-- Test -->
