<?xml version="1.0" encoding="UTF-8"?>
<testng-results ignored="0" total="1" passed="1" failed="0" skipped="0">
  <reporter-output>
  </reporter-output>
  <suite started-at="2024-08-17T08:34:48 IST" name="Suite" finished-at="2024-08-17T08:35:19 IST" duration-ms="30978">
    <groups>
    </groups>
    <test started-at="2024-08-17T08:34:48 IST" name="Test" finished-at="2024-08-17T08:35:19 IST" duration-ms="30978">
      <class name="com.mavenstore.testcases.TC_VerifyUserLogin">
        <test-method is-config="true" signature="setup()[pri:0, instance:com.mavenstore.testcases.TC_VerifyUserLogin@18078bef]" started-at="2024-08-17T08:34:48 IST" name="setup" finished-at="2024-08-17T08:35:04 IST" duration-ms="15912" status="PASS">
          <reporter-output>
          </reporter-output>
        </test-method> <!-- setup -->
        <test-method signature="verifyUserLogin()[pri:0, instance:com.mavenstore.testcases.TC_VerifyUserLogin@18078bef]" started-at="2024-08-17T08:35:04 IST" name="verifyUserLogin" finished-at="2024-08-17T08:35:15 IST" duration-ms="11543" status="PASS">
          <reporter-output>
          </reporter-output>
        </test-method> <!-- verifyUserLogin -->
        <test-method is-config="true" signature="tearDown()[pri:0, instance:com.mavenstore.testcases.TC_VerifyUserLogin@18078bef]" started-at="2024-08-17T08:35:15 IST" name="tearDown" finished-at="2024-08-17T08:35:19 IST" duration-ms="3186" status="PASS">
          <reporter-output>
          </reporter-output>
        </test-method> <!-- tearDown -->
      </class> <!-- com.mavenstore.testcases.TC_VerifyUserLogin -->
    </test> <!-- Test -->
  </suite> <!-- Suite -->
</testng-results>
